Uniform Classes check...
Labels for Task 1 training: 
     1    40
     2    40
     3    40
     4    40
     5    40
     6    40
     7    40
     8    40
     9    40
    10    75

Labels for Task 2 training: 
     1    40
     2    40
     3    40
     4    40
     5    40
     6    40
     7    40
     8    40
     9    40
    10    75

Labels for Task 3 training: 
     1    40
     2    40
     3    40
     4    40
     5    40
     6    40
     7    40
     8    40
     9    40
    10    75

Labels for Task 1 Validation: 
     1     4
     2     4
     3     4
     4     4
     5     4
     6     4
     7     4
     8     4
     9     4
    10     7

Labels for Task 2 Validation: 
     1     4
     2     4
     3     4
     4     4
     5     4
     6     4
     7     4
     8     4
     9     4
    10     7

Labels for Task 3 Validation: 
     1     4
     2     4
     3     4
     4     4
     5     4
     6     4
     7     4
     8     4
     9     4
    10     7

generated file with the name: <strong> data/dataStruct_2019-02-06T164541.mat </strong>
