Non-Uniiform Classes check...
Labels for Task 1 trainingin: 
     1    29
     2    81
     3    72
     4    63
     5    54
     6    45
     7    36
     8    27
     9    18
    10    10

Labels for Task 2 trainingin: 
     1    29
     2    81
     3    72
     4    63
     5    54
     6    45
     7    36
     8    27
     9    18
    10    10

Labels for Task 3 trainingin: 
     1    57
     2    78
     3    47
     4    63
     5    54
     6    45
     7    36
     8    27
     9    18
    10    10

Labels for Task 1 Validation: 
     1     3
     2     8
     3     7
     4     6
     5     5
     6     4
     7     4
     8     3
     9     2
    10     1

Labels for Task 2 Validation: 
     1     3
     2     8
     3     7
     4     6
     5     5
     6     4
     7     4
     8     3
     9     2
    10     1

Labels for Task 3 Validation: 
     1     6
     2     8
     3     5
     4     6
     5     5
     6     4
     7     4
     8     3
     9     2
    10     1

generated file with the name: <strong> data/dataStruct_2019-02-06T164846.mat </strong>
