Non-Uniiform Classes check...
Labels for Task 1 trainingin: 
     1    29
     2    81
     3    72
     4    63
     5    54
     6    45
     7    36
     8    27
     9    18
    10    10

Labels for Task 2 trainingin: 
     1    29
     2    81
     3    72
     4    63
     5    54
     6    45
     7    36
     8    27
     9    18
    10    10

Labels for Task 3 trainingin: 
     1    57
     2    78
     3    47
     4    63
     5    54
     6    45
     7    36
     8    27
     9    18
    10    10

{Reference to non-existent field 'xTr'.

Error in <a href="matlab:matlab.internal.language.introspective.errorDocCallback('createTasks', '/home/kiranvad/01-PROJECTS/synthData_Gauss/MTML_demo/createTasks.m', 98)" style="font-weight:bold">createTasks</a> (<a href="matlab: opentoline('/home/kiranvad/01-PROJECTS/synthData_Gauss/MTML_demo/createTasks.m',98,0)">line 98</a>)
        dataStruct(i).x = dataStruct(i).xTr(:,train);
} 
<a href="matlab: opentoline('/home/kiranvad/01-PROJECTS/synthData_Gauss/MTML_demo/createTasks.m',98,1)">98  </a>        dataStruct(i).x = dataStruct(i).xTr(:,train);
if system_dependent('IsDebugMode')==1, dbquit; end
clc
[dataStruct]=createTasks(c,data,0.9,'TaskType',2,'TxtMsg','Non-Uniiform Classes check');
